21/10/24 22:21:47 INFO client.RMProxy: Connecting to ResourceManager at node39.cluster/192.168.100.39:8050
21/10/24 22:21:47 INFO client.AHSProxy: Connecting to Application History server at node39.cluster/192.168.100.39:10200
21/10/24 22:21:50 INFO input.FileInputFormat: Total input paths to process : 7
21/10/24 22:21:50 INFO mapreduce.JobSubmitter: number of splits:7
21/10/24 22:21:50 INFO mapreduce.JobSubmitter: Submitting tokens for job: job_1630613141835_0161
21/10/24 22:21:51 INFO impl.YarnClientImpl: Submitted application application_1630613141835_0161
21/10/24 22:21:51 INFO mapreduce.Job: The url to track the job: http://node39.cluster:8088/proxy/application_1630613141835_0161/
21/10/24 22:21:51 INFO mapreduce.Job: Running job: job_1630613141835_0161
21/10/24 22:22:14 INFO mapreduce.Job: Job job_1630613141835_0161 running in uber mode : false
21/10/24 22:22:14 INFO mapreduce.Job:  map 0% reduce 0%
21/10/24 22:22:33 INFO mapreduce.Job:  map 43% reduce 0%
21/10/24 22:22:34 INFO mapreduce.Job:  map 71% reduce 0%
21/10/24 22:22:48 INFO mapreduce.Job:  map 86% reduce 0%
21/10/24 22:22:49 INFO mapreduce.Job:  map 100% reduce 0%
21/10/24 22:22:52 INFO mapreduce.Job:  map 100% reduce 93%
21/10/24 22:22:54 INFO mapreduce.Job:  map 100% reduce 100%
21/10/24 22:22:54 INFO mapreduce.Job: Job job_1630613141835_0161 completed successfully
21/10/24 22:22:54 INFO mapreduce.Job: Counters: 49
	File System Counters
		FILE: Number of bytes read=5754158
		FILE: Number of bytes written=12701865
		FILE: Number of read operations=0
		FILE: Number of large read operations=0
		FILE: Number of write operations=0
		HDFS: Number of bytes read=10406064
		HDFS: Number of bytes written=3331716
		HDFS: Number of read operations=24
		HDFS: Number of large read operations=0
		HDFS: Number of write operations=2
	Job Counters 
		Launched map tasks=7
		Launched reduce tasks=1
		Data-local map tasks=7
		Total time spent by all maps in occupied slots (ms)=2586948
		Total time spent by all reduces in occupied slots (ms)=534420
		Total time spent by all map tasks (ms)=112476
		Total time spent by all reduce tasks (ms)=17814
		Total vcore-milliseconds taken by all map tasks=112476
		Total vcore-milliseconds taken by all reduce tasks=17814
		Total megabyte-milliseconds taken by all map tasks=2649034752
		Total megabyte-milliseconds taken by all reduce tasks=547246080
	Map-Reduce Framework
		Map input records=90171
		Map output records=902403
		Map output bytes=13739166
		Map output materialized bytes=5754194
		Input split bytes=1068
		Combine input records=902403
		Combine output records=257908
		Reduce input groups=174569
		Reduce shuffle bytes=5754194
		Reduce input records=257908
		Reduce output records=174569
		Spilled Records=515816
		Shuffled Maps =7
		Failed Shuffles=0
		Merged Map outputs=7
		GC time elapsed (ms)=2696
		CPU time spent (ms)=223450
		Physical memory (bytes) snapshot=13353787392
		Virtual memory (bytes) snapshot=197889609728
		Total committed heap usage (bytes)=19951779840
	Shuffle Errors
		BAD_ID=0
		CONNECTION=0
		IO_ERROR=0
		WRONG_LENGTH=0
		WRONG_MAP=0
		WRONG_REDUCE=0
	File Input Format Counters 
		Bytes Read=10404996
	File Output Format Counters 
		Bytes Written=3331716
